2020-09-27 12:18:17.197 -07:00 [Warning] Role null validation failed: "DuplicateRoleName".
2020-09-27 12:18:17.263 -07:00 [Warning] Role null validation failed: "DuplicateRoleName".
2020-09-27 12:18:17.265 -07:00 [Warning] Role null validation failed: "DuplicateRoleName".
2020-09-27 12:18:17.266 -07:00 [Warning] Role null validation failed: "DuplicateRoleName".
2020-09-27 12:18:17.373 -07:00 [Information] Application Starting up
2020-09-27 12:23:36.141 -07:00 [Warning] Role null validation failed: "DuplicateRoleName".
2020-09-27 12:23:36.227 -07:00 [Warning] Role null validation failed: "DuplicateRoleName".
2020-09-27 12:23:36.254 -07:00 [Warning] Role null validation failed: "DuplicateRoleName".
2020-09-27 12:23:36.261 -07:00 [Warning] Role null validation failed: "DuplicateRoleName".
2020-09-27 12:23:36.367 -07:00 [Information] Application Starting up
2020-09-27 12:32:02.669 -07:00 [Warning] Role null validation failed: "DuplicateRoleName".
2020-09-27 12:32:02.718 -07:00 [Warning] Role null validation failed: "DuplicateRoleName".
2020-09-27 12:32:02.719 -07:00 [Warning] Role null validation failed: "DuplicateRoleName".
2020-09-27 12:32:02.720 -07:00 [Warning] Role null validation failed: "DuplicateRoleName".
2020-09-27 12:32:02.793 -07:00 [Information] Application Starting up
2020-09-27 12:32:48.076 -07:00 [Warning] User null validation failed: "DuplicateUserName".
2020-09-27 12:33:00.871 -07:00 [Warning] User null validation failed: "DuplicateUserName".
2020-09-27 12:33:15.891 -07:00 [Warning] User null validation failed: "DuplicateUserName".
2020-09-27 12:34:22.328 -07:00 [Warning] User null validation failed: "DuplicateUserName".
2020-09-27 12:35:06.741 -07:00 [Warning] Role null validation failed: "DuplicateRoleName".
2020-09-27 12:35:06.782 -07:00 [Warning] Role null validation failed: "DuplicateRoleName".
2020-09-27 12:35:06.783 -07:00 [Warning] Role null validation failed: "DuplicateRoleName".
2020-09-27 12:35:06.784 -07:00 [Warning] Role null validation failed: "DuplicateRoleName".
2020-09-27 12:35:06.856 -07:00 [Information] Application Starting up
2020-09-27 12:35:34.724 -07:00 [Warning] User null validation failed: "DuplicateUserName".
2020-09-27 12:44:13.714 -07:00 [Warning] Role null validation failed: "DuplicateRoleName".
2020-09-27 12:44:13.756 -07:00 [Warning] Role null validation failed: "DuplicateRoleName".
2020-09-27 12:44:13.757 -07:00 [Warning] Role null validation failed: "DuplicateRoleName".
2020-09-27 12:44:13.758 -07:00 [Warning] Role null validation failed: "DuplicateRoleName".
2020-09-27 12:44:13.830 -07:00 [Information] Application Starting up
2020-09-27 13:27:22.174 -07:00 [Warning] Role null validation failed: "DuplicateRoleName".
2020-09-27 13:27:22.242 -07:00 [Warning] Role null validation failed: "DuplicateRoleName".
2020-09-27 13:27:22.243 -07:00 [Warning] Role null validation failed: "DuplicateRoleName".
2020-09-27 13:27:22.244 -07:00 [Warning] Role null validation failed: "DuplicateRoleName".
2020-09-27 13:27:22.339 -07:00 [Information] Application Starting up
2020-09-27 13:27:34.208 -07:00 [Error] An unhandled exception has occurred while executing the request.
System.InvalidOperationException: The relative page path './ForgotPassword' can only be used while executing a Razor Page. Specify a root relative path with a leading '/' to generate a URL outside of a Razor Page. If you are using LinkGenerator then you must provide the current HttpContext to use relative pages.
   at Microsoft.AspNetCore.Mvc.Routing.UrlHelperBase.CalculatePageName(ActionContext context, RouteValueDictionary ambientValues, String pageName)
   at Microsoft.AspNetCore.Mvc.Routing.UrlHelperBase.NormalizeRouteValuesForPage(ActionContext context, String page, String handler, RouteValueDictionary values, RouteValueDictionary ambientValues)
   at Microsoft.AspNetCore.Mvc.UrlHelperExtensions.Page(IUrlHelper urlHelper, String pageName, String pageHandler, Object values, String protocol, String host, String fragment)
   at Microsoft.AspNetCore.Mvc.ViewFeatures.DefaultHtmlGenerator.GeneratePageLink(ViewContext viewContext, String linkText, String pageName, String pageHandler, String protocol, String hostname, String fragment, Object routeValues, Object htmlAttributes)
   at Microsoft.AspNetCore.Mvc.TagHelpers.AnchorTagHelper.Process(TagHelperContext context, TagHelperOutput output)
   at Microsoft.AspNetCore.Razor.TagHelpers.TagHelper.ProcessAsync(TagHelperContext context, TagHelperOutput output)
   at Microsoft.AspNetCore.Razor.Runtime.TagHelpers.TagHelperRunner.RunAsync(TagHelperExecutionContext executionContext)
   at AspNetCore.Areas_Admin_Views_Account_Login.<ExecuteAsync>b__19_0() in H:\Mosh_H(Advanced)\Blog\asp.netcore_blog_App\ksp.blog\ksp.blog.web\Areas\Admin\Views\Account\Login.cshtml:line 28
   at Microsoft.AspNetCore.Razor.Runtime.TagHelpers.TagHelperExecutionContext.GetChildContentAsync(Boolean useCachedResult, HtmlEncoder encoder)
   at Microsoft.AspNetCore.Mvc.TagHelpers.RenderAtEndOfFormTagHelper.ProcessAsync(TagHelperContext context, TagHelperOutput output)
   at Microsoft.AspNetCore.Razor.Runtime.TagHelpers.TagHelperRunner.<RunAsync>g__Awaited|0_0(Task task, TagHelperExecutionContext executionContext, Int32 i, Int32 count)
   at AspNetCore.Areas_Admin_Views_Account_Login.ExecuteAsync() in H:\Mosh_H(Advanced)\Blog\asp.netcore_blog_App\ksp.blog\ksp.blog.web\Areas\Admin\Views\Account\Login.cshtml:line 8
   at Microsoft.AspNetCore.Mvc.Razor.RazorView.RenderPageCoreAsync(IRazorPage page, ViewContext context)
   at Microsoft.AspNetCore.Mvc.Razor.RazorView.RenderPageAsync(IRazorPage page, ViewContext context, Boolean invokeViewStarts)
   at Microsoft.AspNetCore.Mvc.Razor.RazorView.RenderAsync(ViewContext context)
   at Microsoft.AspNetCore.Mvc.ViewFeatures.ViewExecutor.ExecuteAsync(ViewContext viewContext, String contentType, Nullable`1 statusCode)
   at Microsoft.AspNetCore.Mvc.ViewFeatures.ViewExecutor.ExecuteAsync(ViewContext viewContext, String contentType, Nullable`1 statusCode)
   at Microsoft.AspNetCore.Mvc.ViewFeatures.ViewExecutor.ExecuteAsync(ActionContext actionContext, IView view, ViewDataDictionary viewData, ITempDataDictionary tempData, String contentType, Nullable`1 statusCode)
   at Microsoft.AspNetCore.Mvc.ViewFeatures.ViewResultExecutor.ExecuteAsync(ActionContext context, ViewResult result)
   at Microsoft.AspNetCore.Mvc.ViewResult.ExecuteResultAsync(ActionContext context)
   at Microsoft.AspNetCore.Mvc.Infrastructure.ResourceInvoker.<InvokeNextResultFilterAsync>g__Awaited|29_0[TFilter,TFilterAsync](ResourceInvoker invoker, Task lastTask, State next, Scope scope, Object state, Boolean isCompleted)
   at Microsoft.AspNetCore.Mvc.Infrastructure.ResourceInvoker.Rethrow(ResultExecutedContextSealed context)
   at Microsoft.AspNetCore.Mvc.Infrastructure.ResourceInvoker.ResultNext[TFilter,TFilterAsync](State& next, Scope& scope, Object& state, Boolean& isCompleted)
   at Microsoft.AspNetCore.Mvc.Infrastructure.ResourceInvoker.InvokeResultFilters()
--- End of stack trace from previous location where exception was thrown ---
   at Microsoft.AspNetCore.Mvc.Infrastructure.ResourceInvoker.<InvokeNextResourceFilter>g__Awaited|24_0(ResourceInvoker invoker, Task lastTask, State next, Scope scope, Object state, Boolean isCompleted)
   at Microsoft.AspNetCore.Mvc.Infrastructure.ResourceInvoker.Rethrow(ResourceExecutedContextSealed context)
   at Microsoft.AspNetCore.Mvc.Infrastructure.ResourceInvoker.Next(State& next, Scope& scope, Object& state, Boolean& isCompleted)
   at Microsoft.AspNetCore.Mvc.Infrastructure.ResourceInvoker.InvokeFilterPipelineAsync()
--- End of stack trace from previous location where exception was thrown ---
   at Microsoft.AspNetCore.Mvc.Infrastructure.ResourceInvoker.<InvokeAsync>g__Awaited|17_0(ResourceInvoker invoker, Task task, IDisposable scope)
   at Microsoft.AspNetCore.Routing.EndpointMiddleware.<Invoke>g__AwaitRequestTask|6_0(Endpoint endpoint, Task requestTask, ILogger logger)
   at Microsoft.AspNetCore.Authorization.AuthorizationMiddleware.Invoke(HttpContext context)
   at Microsoft.AspNetCore.Authentication.AuthenticationMiddleware.Invoke(HttpContext context)
   at Microsoft.AspNetCore.Diagnostics.EntityFrameworkCore.MigrationsEndPointMiddleware.Invoke(HttpContext context)
   at Microsoft.AspNetCore.Diagnostics.EntityFrameworkCore.DatabaseErrorPageMiddleware.Invoke(HttpContext httpContext)
   at Microsoft.AspNetCore.Diagnostics.EntityFrameworkCore.DatabaseErrorPageMiddleware.Invoke(HttpContext httpContext)
   at Microsoft.AspNetCore.Diagnostics.DeveloperExceptionPageMiddleware.Invoke(HttpContext context)
2020-09-27 13:28:33.090 -07:00 [Warning] Role null validation failed: "DuplicateRoleName".
2020-09-27 13:28:33.130 -07:00 [Warning] Role null validation failed: "DuplicateRoleName".
2020-09-27 13:28:33.132 -07:00 [Warning] Role null validation failed: "DuplicateRoleName".
2020-09-27 13:28:33.132 -07:00 [Warning] Role null validation failed: "DuplicateRoleName".
2020-09-27 13:28:33.205 -07:00 [Information] Application Starting up
2020-09-27 13:28:50.638 -07:00 [Warning] Role null validation failed: "DuplicateRoleName".
2020-09-27 13:28:50.699 -07:00 [Warning] Role null validation failed: "DuplicateRoleName".
2020-09-27 13:28:50.701 -07:00 [Warning] Role null validation failed: "DuplicateRoleName".
2020-09-27 13:28:50.702 -07:00 [Warning] Role null validation failed: "DuplicateRoleName".
2020-09-27 13:28:50.815 -07:00 [Information] Application Starting up
2020-09-27 13:29:00.153 -07:00 [Information] User logged in.
2020-09-27 13:29:00.185 -07:00 [Error] The view '"Index"' was not found. Searched locations: ["/Areas/Admin/Views/Account/Index.cshtml", "/Areas/Admin/Views/Shared/Index.cshtml", "/Views/Shared/Index.cshtml", "/Pages/Shared/Index.cshtml"]
2020-09-27 13:29:00.191 -07:00 [Error] An unhandled exception has occurred while executing the request.
System.InvalidOperationException: The view 'Index' was not found. The following locations were searched:
/Areas/Admin/Views/Account/Index.cshtml
/Areas/Admin/Views/Shared/Index.cshtml
/Views/Shared/Index.cshtml
/Pages/Shared/Index.cshtml
   at Microsoft.AspNetCore.Mvc.ViewEngines.ViewEngineResult.EnsureSuccessful(IEnumerable`1 originalLocations)
   at Microsoft.AspNetCore.Mvc.ViewFeatures.ViewResultExecutor.ExecuteAsync(ActionContext context, ViewResult result)
   at Microsoft.AspNetCore.Mvc.ViewResult.ExecuteResultAsync(ActionContext context)
   at Microsoft.AspNetCore.Mvc.Infrastructure.ResourceInvoker.<InvokeNextResultFilterAsync>g__Awaited|29_0[TFilter,TFilterAsync](ResourceInvoker invoker, Task lastTask, State next, Scope scope, Object state, Boolean isCompleted)
   at Microsoft.AspNetCore.Mvc.Infrastructure.ResourceInvoker.Rethrow(ResultExecutedContextSealed context)
   at Microsoft.AspNetCore.Mvc.Infrastructure.ResourceInvoker.ResultNext[TFilter,TFilterAsync](State& next, Scope& scope, Object& state, Boolean& isCompleted)
   at Microsoft.AspNetCore.Mvc.Infrastructure.ResourceInvoker.InvokeResultFilters()
--- End of stack trace from previous location where exception was thrown ---
   at Microsoft.AspNetCore.Mvc.Infrastructure.ResourceInvoker.<InvokeNextResourceFilter>g__Awaited|24_0(ResourceInvoker invoker, Task lastTask, State next, Scope scope, Object state, Boolean isCompleted)
   at Microsoft.AspNetCore.Mvc.Infrastructure.ResourceInvoker.Rethrow(ResourceExecutedContextSealed context)
   at Microsoft.AspNetCore.Mvc.Infrastructure.ResourceInvoker.Next(State& next, Scope& scope, Object& state, Boolean& isCompleted)
   at Microsoft.AspNetCore.Mvc.Infrastructure.ResourceInvoker.InvokeFilterPipelineAsync()
--- End of stack trace from previous location where exception was thrown ---
   at Microsoft.AspNetCore.Mvc.Infrastructure.ResourceInvoker.<InvokeAsync>g__Awaited|17_0(ResourceInvoker invoker, Task task, IDisposable scope)
   at Microsoft.AspNetCore.Routing.EndpointMiddleware.<Invoke>g__AwaitRequestTask|6_0(Endpoint endpoint, Task requestTask, ILogger logger)
   at Microsoft.AspNetCore.Authorization.AuthorizationMiddleware.Invoke(HttpContext context)
   at Microsoft.AspNetCore.Authentication.AuthenticationMiddleware.Invoke(HttpContext context)
   at Microsoft.AspNetCore.Diagnostics.EntityFrameworkCore.MigrationsEndPointMiddleware.Invoke(HttpContext context)
   at Microsoft.AspNetCore.Diagnostics.EntityFrameworkCore.DatabaseErrorPageMiddleware.Invoke(HttpContext httpContext)
   at Microsoft.AspNetCore.Diagnostics.EntityFrameworkCore.DatabaseErrorPageMiddleware.Invoke(HttpContext httpContext)
   at Microsoft.AspNetCore.Diagnostics.DeveloperExceptionPageMiddleware.Invoke(HttpContext context)
2020-09-27 13:29:11.086 -07:00 [Information] User logged out.
